<?xml version="1.0" encoding="UTF-8"?>
<!-- Generated by org.testng.reporters.JUnitReportReporter -->
<testsuite hostname="DESKTOP-1QBSVOI" failures="0" tests="2" name="parameterization.Test1" time="0.013" errors="0" timestamp="2022-02-08T13:37:59 PST" skipped="0">
  <testcase classname="parameterization.Test1" name="m2" time="0.002"/>
  <system-out/>
  <testcase classname="parameterization.Test1" name="m1" time="0.011"/>
  <system-out/>
</testsuite> <!-- parameterization.Test1 -->
