<?xml version="1.0" encoding="UTF-8"?>
<!-- Generated by org.testng.reporters.JUnitReportReporter -->
<testsuite hostname="DESKTOP-1QBSVOI" failures="0" tests="2" name="pack1.TC1" time="0.008" errors="0" timestamp="2022-02-07T16:26:38 PST" skipped="0">
  <testcase classname="pack1.TC1" name="m2" time="0.002"/>
  <system-out/>
  <testcase classname="pack1.TC1" name="m1" time="0.006"/>
  <system-out/>
</testsuite> <!-- pack1.TC1 -->
