<?xml version="1.0" encoding="UTF-8"?>
<!-- Generated by org.testng.reporters.JUnitReportReporter -->
<testsuite hostname="DESKTOP-1QBSVOI" failures="0" tests="3" name="day21.AnnotationsExample1" time="0.015" errors="0" timestamp="2022-02-07T15:56:01 PST" skipped="0">
  <testcase classname="day21.AnnotationsExample1" name="search" time="0.005"/>
  <system-out/>
  <testcase classname="day21.AnnotationsExample1" name="advanceSearch" time="0.008"/>
  <system-out/>
  <testcase classname="day21.AnnotationsExample1" name="recharge" time="0.002"/>
  <system-out/>
</testsuite> <!-- day21.AnnotationsExample1 -->
