<?xml version="1.0" encoding="UTF-8"?>
<!-- Generated by org.testng.reporters.JUnitReportReporter -->
<testsuite hostname="DESKTOP-1QBSVOI" failures="0" tests="12" name="parameterization.CrossBrowserTest" time="45.295" errors="0" timestamp="2022-02-08T13:58:35 PST" skipped="0">
  <testcase classname="parameterization.CrossBrowserTest" name="launchBrowser" time="13.187"/>
  <system-out/>
  <testcase classname="parameterization.CrossBrowserTest" name="launchBrowser" time="5.237"/>
  <system-out/>
  <testcase classname="parameterization.CrossBrowserTest" name="launchBrowser" time="7.801"/>
  <system-out/>
  <testcase classname="parameterization.CrossBrowserTest" name="verifyTitle" time="0.004"/>
  <system-out/>
  <testcase classname="parameterization.CrossBrowserTest" name="verifyTitle" time="0.027"/>
  <system-out/>
  <testcase classname="parameterization.CrossBrowserTest" name="verifyTitle" time="0.001"/>
  <system-out/>
  <testcase classname="parameterization.CrossBrowserTest" name="registration" time="0.052"/>
  <system-out/>
  <testcase classname="parameterization.CrossBrowserTest" name="registration" time="0.001"/>
  <system-out/>
  <testcase classname="parameterization.CrossBrowserTest" name="registration" time="0.009"/>
  <system-out/>
  <testcase classname="parameterization.CrossBrowserTest" name="closeBrowser" time="7.103"/>
  <system-out/>
  <testcase classname="parameterization.CrossBrowserTest" name="closeBrowser" time="6.159"/>
  <system-out/>
  <testcase classname="parameterization.CrossBrowserTest" name="closeBrowser" time="5.714"/>
  <system-out/>
</testsuite> <!-- parameterization.CrossBrowserTest -->
