<?xml version="1.0" encoding="UTF-8"?>
<!-- Generated by org.testng.reporters.JUnitReportReporter -->
<testsuite hostname="DESKTOP-1QBSVOI" failures="0" tests="1" name="pageObjectModel.LoginTest" time="2.232" errors="0" timestamp="2022-02-11T15:43:15 PST" skipped="0">
  <testcase classname="pageObjectModel.LoginTest" name="login" time="2.232"/>
  <system-out/>
</testsuite> <!-- pageObjectModel.LoginTest -->
