<?xml version="1.0" encoding="UTF-8"?>
<!-- Generated by org.testng.reporters.JUnitReportReporter -->
<testsuite hostname="DESKTOP-1QBSVOI" failures="0" tests="3" name="log4jPackage.Log4jdemo" time="0.186" errors="0" timestamp="2022-02-10T10:57:03 PST" skipped="0">
  <testcase classname="log4jPackage.Log4jdemo" name="setup" time="0.152"/>
  <system-out/>
  <testcase classname="log4jPackage.Log4jdemo" name="login" time="0.009"/>
  <system-out/>
  <testcase classname="log4jPackage.Log4jdemo" name="logout" time="0.025"/>
  <system-out/>
</testsuite> <!-- log4jPackage.Log4jdemo -->
