<?xml version="1.0" encoding="UTF-8"?>
<!-- Generated by org.testng.reporters.JUnitReportReporter -->
<testsuite hostname="DESKTOP-1QBSVOI" failures="0" tests="3" name="day21.FirstTestCase" time="0.016" errors="0" timestamp="2022-02-07T15:43:08 PST" skipped="0">
  <testcase classname="day21.FirstTestCase" name="openURL" time="0.012"/>
  <system-out/>
  <testcase classname="day21.FirstTestCase" name="login" time="0.003"/>
  <system-out/>
  <testcase classname="day21.FirstTestCase" name="logout" time="0.001"/>
  <system-out/>
</testsuite> <!-- day21.FirstTestCase -->
