<?xml version="1.0" encoding="UTF-8"?>
<!-- Generated by org.testng.reporters.JUnitReportReporter -->
<testsuite hostname="DESKTOP-1QBSVOI" failures="0" tests="5" name="day22.DisablingDependencyMethods" time="0.019" errors="0" timestamp="2022-02-08T10:48:52 PST" skipped="2">
  <testcase classname="day22.DisablingDependencyMethods" name="openURL" time="0.014"/>
  <system-out/>
  <testcase classname="day22.DisablingDependencyMethods" name="login" time="0.003"/>
  <system-out/>
  <testcase classname="day22.DisablingDependencyMethods" name="logout" time="0.002"/>
  <system-out/>
  <testcase classname="day22.DisablingDependencyMethods" name="search">
    <skipped/>
  </testcase> <!-- search -->
  <system-out/>
  <testcase classname="day22.DisablingDependencyMethods" name="advancedSearch">
    <skipped/>
  </testcase> <!-- advancedSearch -->
  <system-out/>
</testsuite> <!-- day22.DisablingDependencyMethods -->
