<?xml version="1.0" encoding="UTF-8"?>
<!-- Generated by org.testng.reporters.JUnitReportReporter -->
<testsuite hostname="DESKTOP-1QBSVOI" failures="0" tests="3" name="pack1.TC2" time="0.005" errors="0" timestamp="2022-02-07T16:26:38 PST" skipped="0">
  <testcase classname="pack1.TC2" name="m3" time="0.001"/>
  <system-out/>
  <testcase classname="pack1.TC2" name="m5" time="0.002"/>
  <system-out/>
  <testcase classname="pack1.TC2" name="m4" time="0.002"/>
  <system-out/>
</testsuite> <!-- pack1.TC2 -->
