<?xml version="1.0" encoding="UTF-8"?>
<!-- Generated by org.testng.reporters.JUnitReportReporter -->
<testsuite hostname="DESKTOP-1QBSVOI" failures="0" tests="1" name="pageObjectModel.RegistrationTest" time="2.649" errors="0" timestamp="2022-02-10T12:37:27 PST" skipped="0">
  <testcase classname="pageObjectModel.RegistrationTest" name="userRegistration" time="2.649"/>
  <system-out/>
</testsuite> <!-- pageObjectModel.RegistrationTest -->
